2025-12-19T23:59:28.740-08:00  INFO 30815 --- [main] tech.derrick.taxtracker.TaxStatusAppKt   : Starting TaxStatusAppKt using Java 21.0.6 with PID 30815 (/Users/derrick/Development/tracker/build/classes/kotlin/main started by derrick in /Users/derrick/Development/tracker)
2025-12-19T23:59:28.742-08:00  INFO 30815 --- [main] tech.derrick.taxtracker.TaxStatusAppKt   : No active profile set, falling back to 1 default profile: "default"
2025-12-19T23:59:28.955-08:00  INFO 30815 --- [main] .s.d.r.c.RepositoryConfigurationDelegate : Bootstrapping Spring Data JPA repositories in DEFAULT mode.
2025-12-19T23:59:28.970-08:00  INFO 30815 --- [main] .s.d.r.c.RepositoryConfigurationDelegate : Finished Spring Data repository scanning in 12 ms. Found 2 JPA repository interfaces.
2025-12-19T23:59:29.113-08:00  INFO 30815 --- [main] o.s.b.w.embedded.tomcat.TomcatWebServer  : Tomcat initialized with port 8085 (http)
2025-12-19T23:59:29.116-08:00  INFO 30815 --- [main] o.apache.catalina.core.StandardService   : Starting service [Tomcat]
2025-12-19T23:59:29.116-08:00  INFO 30815 --- [main] o.apache.catalina.core.StandardEngine    : Starting Servlet engine: [Apache Tomcat/10.1.16]
2025-12-19T23:59:29.135-08:00  INFO 30815 --- [main] o.a.c.c.C.[Tomcat].[localhost].[/]       : Initializing Spring embedded WebApplicationContext
2025-12-19T23:59:29.135-08:00  INFO 30815 --- [main] w.s.c.ServletWebServerApplicationContext : Root WebApplicationContext: initialization completed in 374 ms
2025-12-19T23:59:29.185-08:00  INFO 30815 --- [main] o.hibernate.jpa.internal.util.LogHelper  : HHH000204: Processing PersistenceUnitInfo [name: default]
2025-12-19T23:59:29.206-08:00  INFO 30815 --- [main] org.hibernate.Version                    : HHH000412: Hibernate ORM core version 6.3.1.Final
2025-12-19T23:59:29.217-08:00  INFO 30815 --- [main] o.h.c.internal.RegionFactoryInitiator    : HHH000026: Second-level cache disabled
2025-12-19T23:59:29.297-08:00  INFO 30815 --- [main] o.s.o.j.p.SpringPersistenceUnitInfo      : No LoadTimeWeaver setup: ignoring JPA class transformer
2025-12-19T23:59:29.305-08:00  INFO 30815 --- [main] com.zaxxer.hikari.HikariDataSource       : HikariPool-1 - Starting...
2025-12-19T23:59:29.372-08:00  INFO 30815 --- [main] com.zaxxer.hikari.pool.HikariPool        : HikariPool-1 - Added connection org.postgresql.jdbc.PgConnection@43c39321
2025-12-19T23:59:29.372-08:00  INFO 30815 --- [main] com.zaxxer.hikari.HikariDataSource       : HikariPool-1 - Start completed.
2025-12-19T23:59:29.390-08:00  WARN 30815 --- [main] org.hibernate.orm.deprecation            : HHH90000025: PostgreSQLDialect does not need to be specified explicitly using 'hibernate.dialect' (remove the property setting and it will be selected by default)
2025-12-19T23:59:29.613-08:00  INFO 30815 --- [main] o.h.e.t.j.p.i.JtaPlatformInitiator       : HHH000489: No JTA platform available (set 'hibernate.transaction.jta.platform' to enable JTA platform integration)
2025-12-19T23:59:29.636-08:00  INFO 30815 --- [main] j.LocalContainerEntityManagerFactoryBean : Initialized JPA EntityManagerFactory for persistence unit 'default'
2025-12-19T23:59:29.773-08:00  WARN 30815 --- [main] JpaBaseConfiguration$JpaWebConfiguration : spring.jpa.open-in-view is enabled by default. Therefore, database queries may be performed during view rendering. Explicitly configure spring.jpa.open-in-view to disable this warning
2025-12-19T23:59:29.780-08:00  INFO 30815 --- [main] o.s.b.a.w.s.WelcomePageHandlerMapping    : Adding welcome page template: index
2025-12-19T23:59:29.865-08:00  WARN 30815 --- [main] ConfigServletWebServerApplicationContext : Exception encountered during context initialization - cancelling refresh attempt: org.springframework.context.ApplicationContextException: Failed to start bean 'webServerStartStop'
2025-12-19T23:59:29.865-08:00  INFO 30815 --- [main] j.LocalContainerEntityManagerFactoryBean : Closing JPA EntityManagerFactory for persistence unit 'default'
2025-12-19T23:59:29.866-08:00  INFO 30815 --- [main] com.zaxxer.hikari.HikariDataSource       : HikariPool-1 - Shutdown initiated...
2025-12-19T23:59:29.867-08:00  INFO 30815 --- [main] com.zaxxer.hikari.HikariDataSource       : HikariPool-1 - Shutdown completed.
2025-12-19T23:59:29.871-08:00  INFO 30815 --- [main] .s.b.a.l.ConditionEvaluationReportLogger : 

Error starting ApplicationContext. To display the condition evaluation report re-run your application with 'debug' enabled.
2025-12-19T23:59:29.875-08:00 ERROR 30815 --- [main] o.s.b.d.LoggingFailureAnalysisReporter   : 

***************************
APPLICATION FAILED TO START
***************************

Description:

Web server failed to start. Port 8085 was already in use.

Action:

Identify and stop the process that's listening on port 8085 or configure this application to listen on another port.

